{
  "stats": {
    "suites": 5,
    "tests": 8,
    "passes": 8,
    "pending": 0,
    "failures": 0,
    "start": "2020-11-08T14:14:14.411Z",
    "end": "2020-11-08T21:34:18.650Z",
    "duration": 27632,
    "testsRegistered": 8,
    "passPercent": 100,
    "pendingPercent": 0,
    "other": 0,
    "hasOther": false,
    "skipped": 0,
    "hasSkipped": false
  },
  "results": [
    {
      "uuid": "15bc9522-97cd-4e08-8080-b4b79b7c0bcd",
      "title": "",
      "fullFile": "cypress/integration/registerstation.feature",
      "file": "cypress/integration/registerstation.feature",
      "beforeHooks": [],
      "afterHooks": [],
      "tests": [],
      "suites": [
        {
          "uuid": "91435626-ac08-48db-b2f6-14b639f622be",
          "title": "Register Station Positive",
          "fullFile": "",
          "file": "",
          "beforeHooks": [],
          "afterHooks": [],
          "tests": [
            {
              "title": "Validate an attempt to register a weather station with a correct API key (example #1)",
              "fullTitle": "Register Station Positive Validate an attempt to register a weather station with a correct API key (example #1)",
              "timedOut": null,
              "duration": 7262,
              "state": "passed",
              "speed": "slow",
              "pass": true,
              "fail": false,
              "pending": false,
              "context": null,
              "code": "const state = window.testState;\nreturn cy\n  .then(() => state.onStartScenario(scenario, indexedSteps))\n  .then(() =>\n    resolveAndRunBeforeHooks.call(this, scenario.tags, state.feature.name)\n  )\n  .then(() =>\n    indexedSteps.forEach((step) =>\n      stepTest.call(this, state, step, rowData)\n    )\n  )\n  .then(() =>\n    resolveAndRunAfterHooks.call(this, scenario.tags, state.feature.name)\n  )\n  .then(() => state.onFinishScenario(scenario));",
              "err": {},
              "uuid": "cac13a50-f0bb-4c67-a6f2-70510892d0cc",
              "parentUUID": "91435626-ac08-48db-b2f6-14b639f622be",
              "isHook": false,
              "skipped": false
            },
            {
              "title": "Verify that the stations were successfully stored in the DB and values are the same as specified in the registration request. (example #1)",
              "fullTitle": "Register Station Positive Verify that the stations were successfully stored in the DB and values are the same as specified in the registration request. (example #1)",
              "timedOut": null,
              "duration": 7633,
              "state": "passed",
              "speed": "slow",
              "pass": true,
              "fail": false,
              "pending": false,
              "context": null,
              "code": "const state = window.testState;\nreturn cy\n  .then(() => state.onStartScenario(scenario, indexedSteps))\n  .then(() =>\n    resolveAndRunBeforeHooks.call(this, scenario.tags, state.feature.name)\n  )\n  .then(() =>\n    indexedSteps.forEach((step) =>\n      stepTest.call(this, state, step, rowData)\n    )\n  )\n  .then(() =>\n    resolveAndRunAfterHooks.call(this, scenario.tags, state.feature.name)\n  )\n  .then(() => state.onFinishScenario(scenario));",
              "err": {},
              "uuid": "18ed85c8-acb0-4b97-b9e0-1cd0c1941811",
              "parentUUID": "91435626-ac08-48db-b2f6-14b639f622be",
              "isHook": false,
              "skipped": false
            }
          ],
          "suites": [],
          "passes": [
            "cac13a50-f0bb-4c67-a6f2-70510892d0cc",
            "18ed85c8-acb0-4b97-b9e0-1cd0c1941811"
          ],
          "failures": [],
          "pending": [],
          "skipped": [],
          "duration": 14895,
          "root": false,
          "rootEmpty": false,
          "_timeout": 2000
        }
      ],
      "passes": [],
      "failures": [],
      "pending": [],
      "skipped": [],
      "duration": 0,
      "root": true,
      "rootEmpty": true,
      "_timeout": 2000
    },
    {
      "uuid": "7243d8e1-c72b-470a-a6aa-ebb0f6d922ce",
      "title": "",
      "fullFile": "cypress/integration/registerstationneg.feature",
      "file": "cypress/integration/registerstationneg.feature",
      "beforeHooks": [],
      "afterHooks": [],
      "tests": [],
      "suites": [
        {
          "uuid": "d24c8b69-bfeb-43cb-8dcc-061caf36b60b",
          "title": "Register Station Negetive",
          "fullFile": "",
          "file": "",
          "beforeHooks": [],
          "afterHooks": [],
          "tests": [
            {
              "title": "Validate an attempt to register a weather station without an API key",
              "fullTitle": "Register Station Negetive Validate an attempt to register a weather station without an API key",
              "timedOut": null,
              "duration": 222,
              "state": "passed",
              "speed": "slow",
              "pass": true,
              "fail": false,
              "pending": false,
              "context": null,
              "code": "const state = window.testState;\nreturn cy\n  .then(() => state.onStartScenario(scenario, indexedSteps))\n  .then(() =>\n    resolveAndRunBeforeHooks.call(this, scenario.tags, state.feature.name)\n  )\n  .then(() =>\n    indexedSteps.forEach((step) =>\n      stepTest.call(this, state, step, rowData)\n    )\n  )\n  .then(() =>\n    resolveAndRunAfterHooks.call(this, scenario.tags, state.feature.name)\n  )\n  .then(() => state.onFinishScenario(scenario));",
              "err": {},
              "uuid": "238777bf-73d8-49dd-913a-bf1103502f50",
              "parentUUID": "d24c8b69-bfeb-43cb-8dcc-061caf36b60b",
              "isHook": false,
              "skipped": false
            }
          ],
          "suites": [],
          "passes": [
            "238777bf-73d8-49dd-913a-bf1103502f50"
          ],
          "failures": [],
          "pending": [],
          "skipped": [],
          "duration": 222,
          "root": false,
          "rootEmpty": false,
          "_timeout": 2000
        }
      ],
      "passes": [],
      "failures": [],
      "pending": [],
      "skipped": [],
      "duration": 0,
      "root": true,
      "rootEmpty": true,
      "_timeout": 2000
    },
    {
      "uuid": "a7ea76ce-cd3a-4d6f-8a53-5f5873072907",
      "title": "",
      "fullFile": "cypress/integration/caluclatebp.feature",
      "file": "cypress/integration/caluclatebp.feature",
      "beforeHooks": [],
      "afterHooks": [],
      "tests": [],
      "suites": [
        {
          "uuid": "056daf49-5cc6-464d-90f8-7f48f1a62381",
          "title": "Caluclating Home Loan Borrow Power",
          "fullFile": "",
          "file": "",
          "beforeHooks": [],
          "afterHooks": [],
          "tests": [
            {
              "title": "Get Home Loan Borrow Power (example #1)",
              "fullTitle": "Caluclating Home Loan Borrow Power Get Home Loan Borrow Power (example #1)",
              "timedOut": null,
              "duration": 6806,
              "state": "passed",
              "speed": "slow",
              "pass": true,
              "fail": false,
              "pending": false,
              "context": null,
              "code": "const state = window.testState;\nreturn cy\n  .then(() => state.onStartScenario(scenario, indexedSteps))\n  .then(() =>\n    resolveAndRunBeforeHooks.call(this, scenario.tags, state.feature.name)\n  )\n  .then(() =>\n    indexedSteps.forEach((step) =>\n      stepTest.call(this, state, step, rowData)\n    )\n  )\n  .then(() =>\n    resolveAndRunAfterHooks.call(this, scenario.tags, state.feature.name)\n  )\n  .then(() => state.onFinishScenario(scenario));",
              "err": {},
              "uuid": "aaa71682-17a9-409c-a1b6-d25b2b076d92",
              "parentUUID": "056daf49-5cc6-464d-90f8-7f48f1a62381",
              "isHook": false,
              "skipped": false
            },
            {
              "title": "Verify wether Start over button resets the form for a Single Applicant (example #1)",
              "fullTitle": "Caluclating Home Loan Borrow Power Verify wether Start over button resets the form for a Single Applicant (example #1)",
              "timedOut": null,
              "duration": 3728,
              "state": "passed",
              "speed": "slow",
              "pass": true,
              "fail": false,
              "pending": false,
              "context": null,
              "code": "const state = window.testState;\nreturn cy\n  .then(() => state.onStartScenario(scenario, indexedSteps))\n  .then(() =>\n    resolveAndRunBeforeHooks.call(this, scenario.tags, state.feature.name)\n  )\n  .then(() =>\n    indexedSteps.forEach((step) =>\n      stepTest.call(this, state, step, rowData)\n    )\n  )\n  .then(() =>\n    resolveAndRunAfterHooks.call(this, scenario.tags, state.feature.name)\n  )\n  .then(() => state.onFinishScenario(scenario));",
              "err": {},
              "uuid": "fd6d91b3-2c5a-414c-b42f-c8b11a828f5a",
              "parentUUID": "056daf49-5cc6-464d-90f8-7f48f1a62381",
              "isHook": false,
              "skipped": false
            }
          ],
          "suites": [],
          "passes": [
            "aaa71682-17a9-409c-a1b6-d25b2b076d92",
            "fd6d91b3-2c5a-414c-b42f-c8b11a828f5a"
          ],
          "failures": [],
          "pending": [],
          "skipped": [],
          "duration": 10534,
          "root": false,
          "rootEmpty": false,
          "_timeout": 2000
        }
      ],
      "passes": [],
      "failures": [],
      "pending": [],
      "skipped": [],
      "duration": 0,
      "root": true,
      "rootEmpty": true,
      "_timeout": 2000
    },
    {
      "uuid": "91324e22-abaa-43ec-9c5c-28d7aaf425a1",
      "title": "",
      "fullFile": "cypress/integration/registerstation.feature",
      "file": "cypress/integration/registerstation.feature",
      "beforeHooks": [],
      "afterHooks": [],
      "tests": [],
      "suites": [
        {
          "uuid": "02804b14-590a-4833-b2a1-ca6c5cee5487",
          "title": "Register Station Positive",
          "fullFile": "",
          "file": "",
          "beforeHooks": [],
          "afterHooks": [],
          "tests": [
            {
              "title": "Validate an attempt to register a weather station with a correct API key (example #1)",
              "fullTitle": "Register Station Positive Validate an attempt to register a weather station with a correct API key (example #1)",
              "timedOut": null,
              "duration": 803,
              "state": "passed",
              "speed": "slow",
              "pass": true,
              "fail": false,
              "pending": false,
              "context": null,
              "code": "const state = window.testState;\nreturn cy\n  .then(() => state.onStartScenario(scenario, indexedSteps))\n  .then(() =>\n    resolveAndRunBeforeHooks.call(this, scenario.tags, state.feature.name)\n  )\n  .then(() =>\n    indexedSteps.forEach((step) =>\n      stepTest.call(this, state, step, rowData)\n    )\n  )\n  .then(() =>\n    resolveAndRunAfterHooks.call(this, scenario.tags, state.feature.name)\n  )\n  .then(() => state.onFinishScenario(scenario));",
              "err": {},
              "uuid": "fbadd9e4-9c0a-4793-bfa3-47d9f8648381",
              "parentUUID": "02804b14-590a-4833-b2a1-ca6c5cee5487",
              "isHook": false,
              "skipped": false
            },
            {
              "title": "Verify that the stations were successfully stored in the DB and values are the same as specified in the registration request. (example #1)",
              "fullTitle": "Register Station Positive Verify that the stations were successfully stored in the DB and values are the same as specified in the registration request. (example #1)",
              "timedOut": null,
              "duration": 996,
              "state": "passed",
              "speed": "slow",
              "pass": true,
              "fail": false,
              "pending": false,
              "context": null,
              "code": "const state = window.testState;\nreturn cy\n  .then(() => state.onStartScenario(scenario, indexedSteps))\n  .then(() =>\n    resolveAndRunBeforeHooks.call(this, scenario.tags, state.feature.name)\n  )\n  .then(() =>\n    indexedSteps.forEach((step) =>\n      stepTest.call(this, state, step, rowData)\n    )\n  )\n  .then(() =>\n    resolveAndRunAfterHooks.call(this, scenario.tags, state.feature.name)\n  )\n  .then(() => state.onFinishScenario(scenario));",
              "err": {},
              "uuid": "4cb64b6d-3fbb-467d-af45-060f581694b9",
              "parentUUID": "02804b14-590a-4833-b2a1-ca6c5cee5487",
              "isHook": false,
              "skipped": false
            }
          ],
          "suites": [],
          "passes": [
            "fbadd9e4-9c0a-4793-bfa3-47d9f8648381",
            "4cb64b6d-3fbb-467d-af45-060f581694b9"
          ],
          "failures": [],
          "pending": [],
          "skipped": [],
          "duration": 1799,
          "root": false,
          "rootEmpty": false,
          "_timeout": 2000
        }
      ],
      "passes": [],
      "failures": [],
      "pending": [],
      "skipped": [],
      "duration": 0,
      "root": true,
      "rootEmpty": true,
      "_timeout": 2000
    },
    {
      "uuid": "c549726c-eff0-4701-adde-babde20ae396",
      "title": "",
      "fullFile": "cypress/integration/registerstationneg.feature",
      "file": "cypress/integration/registerstationneg.feature",
      "beforeHooks": [],
      "afterHooks": [],
      "tests": [],
      "suites": [
        {
          "uuid": "d614336d-cdc5-46d7-975d-023c777b194d",
          "title": "Register Station Negetive",
          "fullFile": "",
          "file": "",
          "beforeHooks": [],
          "afterHooks": [],
          "tests": [
            {
              "title": "Validate an attempt to register a weather station without an API key",
              "fullTitle": "Register Station Negetive Validate an attempt to register a weather station without an API key",
              "timedOut": null,
              "duration": 182,
              "state": "passed",
              "speed": "slow",
              "pass": true,
              "fail": false,
              "pending": false,
              "context": null,
              "code": "const state = window.testState;\nreturn cy\n  .then(() => state.onStartScenario(scenario, indexedSteps))\n  .then(() =>\n    resolveAndRunBeforeHooks.call(this, scenario.tags, state.feature.name)\n  )\n  .then(() =>\n    indexedSteps.forEach((step) =>\n      stepTest.call(this, state, step, rowData)\n    )\n  )\n  .then(() =>\n    resolveAndRunAfterHooks.call(this, scenario.tags, state.feature.name)\n  )\n  .then(() => state.onFinishScenario(scenario));",
              "err": {},
              "uuid": "71b0c911-d5f7-4336-ab06-e186907f61f1",
              "parentUUID": "d614336d-cdc5-46d7-975d-023c777b194d",
              "isHook": false,
              "skipped": false
            }
          ],
          "suites": [],
          "passes": [
            "71b0c911-d5f7-4336-ab06-e186907f61f1"
          ],
          "failures": [],
          "pending": [],
          "skipped": [],
          "duration": 182,
          "root": false,
          "rootEmpty": false,
          "_timeout": 2000
        }
      ],
      "passes": [],
      "failures": [],
      "pending": [],
      "skipped": [],
      "duration": 0,
      "root": true,
      "rootEmpty": true,
      "_timeout": 2000
    }
  ],
  "meta": {
    "mocha": {
      "version": "7.0.1"
    },
    "mochawesome": {
      "options": {
        "quiet": false,
        "reportFilename": "mochawesome",
        "saveHtml": false,
        "saveJson": true,
        "consoleReporter": "spec",
        "useInlineDiffs": false,
        "code": true
      },
      "version": "6.2.1"
    },
    "marge": {
      "options": {
        "overwrite": false,
        "html": false,
        "json": true,
        "mochaFile": "cypress/report/test-output-[hash].xml",
        "reportDir": "cypress/report/mochawesome-report"
      },
      "version": "5.1.0"
    }
  }
}