{
  "stats": {
    "suites": 1,
    "tests": 2,
    "passes": 2,
    "pending": 0,
    "failures": 0,
    "start": "2020-11-08T10:23:50.375Z",
    "end": "2020-11-08T10:24:01.109Z",
    "duration": 10734,
    "testsRegistered": 2,
    "passPercent": 100,
    "pendingPercent": 0,
    "other": 0,
    "hasOther": false,
    "skipped": 0,
    "hasSkipped": false
  },
  "results": [
    {
      "uuid": "cf85e416-4149-4bf7-a147-e3ee5a441443",
      "title": "",
      "fullFile": "cypress/integration/caluclatebp.feature",
      "file": "cypress/integration/caluclatebp.feature",
      "beforeHooks": [],
      "afterHooks": [],
      "tests": [],
      "suites": [
        {
          "uuid": "9ec4fa64-3b53-4ea8-8925-df122fd98448",
          "title": "Caluclating Home Loan Borrow Power",
          "fullFile": "",
          "file": "",
          "beforeHooks": [],
          "afterHooks": [],
          "tests": [
            {
              "title": "Get Home Loan Borrow Power (example #1)",
              "fullTitle": "Caluclating Home Loan Borrow Power Get Home Loan Borrow Power (example #1)",
              "timedOut": null,
              "duration": 7204,
              "state": "passed",
              "speed": "slow",
              "pass": true,
              "fail": false,
              "pending": false,
              "context": null,
              "code": "const state = window.testState;\nreturn cy\n  .then(() => state.onStartScenario(scenario, indexedSteps))\n  .then(() =>\n    resolveAndRunBeforeHooks.call(this, scenario.tags, state.feature.name)\n  )\n  .then(() =>\n    indexedSteps.forEach((step) =>\n      stepTest.call(this, state, step, rowData)\n    )\n  )\n  .then(() =>\n    resolveAndRunAfterHooks.call(this, scenario.tags, state.feature.name)\n  )\n  .then(() => state.onFinishScenario(scenario));",
              "err": {},
              "uuid": "cdfe5a64-4221-40e9-8cea-2819bd99706d",
              "parentUUID": "9ec4fa64-3b53-4ea8-8925-df122fd98448",
              "isHook": false,
              "skipped": false
            },
            {
              "title": "Verify wether Start over button resets the form for a Single Applicant (example #1)",
              "fullTitle": "Caluclating Home Loan Borrow Power Verify wether Start over button resets the form for a Single Applicant (example #1)",
              "timedOut": null,
              "duration": 3416,
              "state": "passed",
              "speed": "slow",
              "pass": true,
              "fail": false,
              "pending": false,
              "context": null,
              "code": "const state = window.testState;\nreturn cy\n  .then(() => state.onStartScenario(scenario, indexedSteps))\n  .then(() =>\n    resolveAndRunBeforeHooks.call(this, scenario.tags, state.feature.name)\n  )\n  .then(() =>\n    indexedSteps.forEach((step) =>\n      stepTest.call(this, state, step, rowData)\n    )\n  )\n  .then(() =>\n    resolveAndRunAfterHooks.call(this, scenario.tags, state.feature.name)\n  )\n  .then(() => state.onFinishScenario(scenario));",
              "err": {},
              "uuid": "4a359717-879f-4a2a-8d39-5eb7d159fd67",
              "parentUUID": "9ec4fa64-3b53-4ea8-8925-df122fd98448",
              "isHook": false,
              "skipped": false
            }
          ],
          "suites": [],
          "passes": [
            "cdfe5a64-4221-40e9-8cea-2819bd99706d",
            "4a359717-879f-4a2a-8d39-5eb7d159fd67"
          ],
          "failures": [],
          "pending": [],
          "skipped": [],
          "duration": 10620,
          "root": false,
          "rootEmpty": false,
          "_timeout": 2000
        }
      ],
      "passes": [],
      "failures": [],
      "pending": [],
      "skipped": [],
      "duration": 0,
      "root": true,
      "rootEmpty": true,
      "_timeout": 2000
    }
  ],
  "meta": {
    "mocha": {
      "version": "7.0.1"
    },
    "mochawesome": {
      "options": {
        "quiet": false,
        "reportFilename": "mochawesome",
        "saveHtml": false,
        "saveJson": true,
        "consoleReporter": "spec",
        "useInlineDiffs": false,
        "code": true
      },
      "version": "6.2.1"
    },
    "marge": {
      "options": {
        "overwrite": false,
        "html": false,
        "json": true,
        "mochaFile": "test-results/test-output-[hash].xml",
        "reportDir": "cypress/report/mochawesome-report"
      },
      "version": "5.1.0"
    }
  }
}