{
  "stats": {
    "suites": 1,
    "tests": 2,
    "passes": 2,
    "pending": 0,
    "failures": 0,
    "start": "2020-11-08T09:37:49.463Z",
    "end": "2020-11-08T09:38:00.340Z",
    "duration": 10877,
    "testsRegistered": 2,
    "passPercent": 100,
    "pendingPercent": 0,
    "other": 0,
    "hasOther": false,
    "skipped": 0,
    "hasSkipped": false
  },
  "results": [
    {
      "uuid": "1849eae5-5559-4f20-87bd-bfc8b388b484",
      "title": "",
      "fullFile": "cypress/integration/caluclatebp.feature",
      "file": "cypress/integration/caluclatebp.feature",
      "beforeHooks": [],
      "afterHooks": [],
      "tests": [],
      "suites": [
        {
          "uuid": "db33b4c0-ecd1-435e-9721-a5060b49d522",
          "title": "Caluclating Home Loan Borrow Power",
          "fullFile": "",
          "file": "",
          "beforeHooks": [],
          "afterHooks": [],
          "tests": [
            {
              "title": "Get Home Loan Borrow Power (example #1)",
              "fullTitle": "Caluclating Home Loan Borrow Power Get Home Loan Borrow Power (example #1)",
              "timedOut": null,
              "duration": 7352,
              "state": "passed",
              "speed": "slow",
              "pass": true,
              "fail": false,
              "pending": false,
              "context": null,
              "code": "const state = window.testState;\nreturn cy\n  .then(() => state.onStartScenario(scenario, indexedSteps))\n  .then(() =>\n    resolveAndRunBeforeHooks.call(this, scenario.tags, state.feature.name)\n  )\n  .then(() =>\n    indexedSteps.forEach((step) =>\n      stepTest.call(this, state, step, rowData)\n    )\n  )\n  .then(() =>\n    resolveAndRunAfterHooks.call(this, scenario.tags, state.feature.name)\n  )\n  .then(() => state.onFinishScenario(scenario));",
              "err": {},
              "uuid": "91b9b91f-fd41-413b-8ce4-cd8ba0b73a3c",
              "parentUUID": "db33b4c0-ecd1-435e-9721-a5060b49d522",
              "isHook": false,
              "skipped": false
            },
            {
              "title": "Verify wether Start over button resets the form for a Single Applicant (example #1)",
              "fullTitle": "Caluclating Home Loan Borrow Power Verify wether Start over button resets the form for a Single Applicant (example #1)",
              "timedOut": null,
              "duration": 3418,
              "state": "passed",
              "speed": "slow",
              "pass": true,
              "fail": false,
              "pending": false,
              "context": null,
              "code": "const state = window.testState;\nreturn cy\n  .then(() => state.onStartScenario(scenario, indexedSteps))\n  .then(() =>\n    resolveAndRunBeforeHooks.call(this, scenario.tags, state.feature.name)\n  )\n  .then(() =>\n    indexedSteps.forEach((step) =>\n      stepTest.call(this, state, step, rowData)\n    )\n  )\n  .then(() =>\n    resolveAndRunAfterHooks.call(this, scenario.tags, state.feature.name)\n  )\n  .then(() => state.onFinishScenario(scenario));",
              "err": {},
              "uuid": "a79b8da1-7628-495e-a3d4-3b378b6ce0e5",
              "parentUUID": "db33b4c0-ecd1-435e-9721-a5060b49d522",
              "isHook": false,
              "skipped": false
            }
          ],
          "suites": [],
          "passes": [
            "91b9b91f-fd41-413b-8ce4-cd8ba0b73a3c",
            "a79b8da1-7628-495e-a3d4-3b378b6ce0e5"
          ],
          "failures": [],
          "pending": [],
          "skipped": [],
          "duration": 10770,
          "root": false,
          "rootEmpty": false,
          "_timeout": 2000
        }
      ],
      "passes": [],
      "failures": [],
      "pending": [],
      "skipped": [],
      "duration": 0,
      "root": true,
      "rootEmpty": true,
      "_timeout": 2000
    }
  ],
  "meta": {
    "mocha": {
      "version": "7.0.1"
    },
    "mochawesome": {
      "options": {
        "quiet": false,
        "reportFilename": "mochawesome",
        "saveHtml": false,
        "saveJson": true,
        "consoleReporter": "spec",
        "useInlineDiffs": false,
        "code": true
      },
      "version": "6.2.1"
    },
    "marge": {
      "options": {
        "overwrite": false,
        "html": false,
        "json": true,
        "mochaFile": "test-results/test-output-[hash].xml",
        "reportDir": "cypress/report/mochawesome-report"
      },
      "version": "5.1.0"
    }
  }
}