{
  "stats": {
    "suites": 1,
    "tests": 2,
    "passes": 2,
    "pending": 0,
    "failures": 0,
    "start": "2020-11-08T09:52:37.243Z",
    "end": "2020-11-08T09:52:48.383Z",
    "duration": 11140,
    "testsRegistered": 2,
    "passPercent": 100,
    "pendingPercent": 0,
    "other": 0,
    "hasOther": false,
    "skipped": 0,
    "hasSkipped": false
  },
  "results": [
    {
      "uuid": "e6d2a02b-d263-4bdd-910c-1af63475e1bf",
      "title": "",
      "fullFile": "cypress/integration/caluclatebp.feature",
      "file": "cypress/integration/caluclatebp.feature",
      "beforeHooks": [],
      "afterHooks": [],
      "tests": [],
      "suites": [
        {
          "uuid": "686bec80-50c8-4521-9e11-aedbeabde6ca",
          "title": "Caluclating Home Loan Borrow Power",
          "fullFile": "",
          "file": "",
          "beforeHooks": [],
          "afterHooks": [],
          "tests": [
            {
              "title": "Get Home Loan Borrow Power (example #1)",
              "fullTitle": "Caluclating Home Loan Borrow Power Get Home Loan Borrow Power (example #1)",
              "timedOut": null,
              "duration": 7141,
              "state": "passed",
              "speed": "slow",
              "pass": true,
              "fail": false,
              "pending": false,
              "context": null,
              "code": "const state = window.testState;\nreturn cy\n  .then(() => state.onStartScenario(scenario, indexedSteps))\n  .then(() =>\n    resolveAndRunBeforeHooks.call(this, scenario.tags, state.feature.name)\n  )\n  .then(() =>\n    indexedSteps.forEach((step) =>\n      stepTest.call(this, state, step, rowData)\n    )\n  )\n  .then(() =>\n    resolveAndRunAfterHooks.call(this, scenario.tags, state.feature.name)\n  )\n  .then(() => state.onFinishScenario(scenario));",
              "err": {},
              "uuid": "1a8e3372-bb15-413a-b219-7644c6238368",
              "parentUUID": "686bec80-50c8-4521-9e11-aedbeabde6ca",
              "isHook": false,
              "skipped": false
            },
            {
              "title": "Verify wether Start over button resets the form for a Single Applicant (example #1)",
              "fullTitle": "Caluclating Home Loan Borrow Power Verify wether Start over button resets the form for a Single Applicant (example #1)",
              "timedOut": null,
              "duration": 3886,
              "state": "passed",
              "speed": "slow",
              "pass": true,
              "fail": false,
              "pending": false,
              "context": null,
              "code": "const state = window.testState;\nreturn cy\n  .then(() => state.onStartScenario(scenario, indexedSteps))\n  .then(() =>\n    resolveAndRunBeforeHooks.call(this, scenario.tags, state.feature.name)\n  )\n  .then(() =>\n    indexedSteps.forEach((step) =>\n      stepTest.call(this, state, step, rowData)\n    )\n  )\n  .then(() =>\n    resolveAndRunAfterHooks.call(this, scenario.tags, state.feature.name)\n  )\n  .then(() => state.onFinishScenario(scenario));",
              "err": {},
              "uuid": "c2a576ea-6430-4ac2-9fa7-b59de48e7873",
              "parentUUID": "686bec80-50c8-4521-9e11-aedbeabde6ca",
              "isHook": false,
              "skipped": false
            }
          ],
          "suites": [],
          "passes": [
            "1a8e3372-bb15-413a-b219-7644c6238368",
            "c2a576ea-6430-4ac2-9fa7-b59de48e7873"
          ],
          "failures": [],
          "pending": [],
          "skipped": [],
          "duration": 11027,
          "root": false,
          "rootEmpty": false,
          "_timeout": 2000
        }
      ],
      "passes": [],
      "failures": [],
      "pending": [],
      "skipped": [],
      "duration": 0,
      "root": true,
      "rootEmpty": true,
      "_timeout": 2000
    }
  ],
  "meta": {
    "mocha": {
      "version": "7.0.1"
    },
    "mochawesome": {
      "options": {
        "quiet": false,
        "reportFilename": "mochawesome",
        "saveHtml": false,
        "saveJson": true,
        "consoleReporter": "spec",
        "useInlineDiffs": false,
        "code": true
      },
      "version": "6.2.1"
    },
    "marge": {
      "options": {
        "overwrite": false,
        "html": false,
        "json": true,
        "mochaFile": "test-results/test-output-[hash].xml",
        "reportDir": "cypress/report/mochawesome-report"
      },
      "version": "5.1.0"
    }
  }
}