{
  "stats": {
    "suites": 1,
    "tests": 2,
    "passes": 2,
    "pending": 0,
    "failures": 0,
    "start": "2020-11-08T10:24:05.691Z",
    "end": "2020-11-08T10:24:07.543Z",
    "duration": 1852,
    "testsRegistered": 2,
    "passPercent": 100,
    "pendingPercent": 0,
    "other": 0,
    "hasOther": false,
    "skipped": 0,
    "hasSkipped": false
  },
  "results": [
    {
      "uuid": "b309d8c2-fa6c-4256-a328-5709c09d0e5a",
      "title": "",
      "fullFile": "cypress/integration/registerstation.feature",
      "file": "cypress/integration/registerstation.feature",
      "beforeHooks": [],
      "afterHooks": [],
      "tests": [],
      "suites": [
        {
          "uuid": "5e2aad1c-a2f1-491b-9856-aa9309c8155e",
          "title": "Register Station Positive",
          "fullFile": "",
          "file": "",
          "beforeHooks": [],
          "afterHooks": [],
          "tests": [
            {
              "title": "Validate an attempt to register a weather station with a correct API key (example #1)",
              "fullTitle": "Register Station Positive Validate an attempt to register a weather station with a correct API key (example #1)",
              "timedOut": null,
              "duration": 810,
              "state": "passed",
              "speed": "slow",
              "pass": true,
              "fail": false,
              "pending": false,
              "context": null,
              "code": "const state = window.testState;\nreturn cy\n  .then(() => state.onStartScenario(scenario, indexedSteps))\n  .then(() =>\n    resolveAndRunBeforeHooks.call(this, scenario.tags, state.feature.name)\n  )\n  .then(() =>\n    indexedSteps.forEach((step) =>\n      stepTest.call(this, state, step, rowData)\n    )\n  )\n  .then(() =>\n    resolveAndRunAfterHooks.call(this, scenario.tags, state.feature.name)\n  )\n  .then(() => state.onFinishScenario(scenario));",
              "err": {},
              "uuid": "1563028d-66a4-418f-ac5c-f5a861346747",
              "parentUUID": "5e2aad1c-a2f1-491b-9856-aa9309c8155e",
              "isHook": false,
              "skipped": false
            },
            {
              "title": "Verify that the stations were successfully stored in the DB and values are the same as specified in the registration request. (example #1)",
              "fullTitle": "Register Station Positive Verify that the stations were successfully stored in the DB and values are the same as specified in the registration request. (example #1)",
              "timedOut": null,
              "duration": 1025,
              "state": "passed",
              "speed": "slow",
              "pass": true,
              "fail": false,
              "pending": false,
              "context": null,
              "code": "const state = window.testState;\nreturn cy\n  .then(() => state.onStartScenario(scenario, indexedSteps))\n  .then(() =>\n    resolveAndRunBeforeHooks.call(this, scenario.tags, state.feature.name)\n  )\n  .then(() =>\n    indexedSteps.forEach((step) =>\n      stepTest.call(this, state, step, rowData)\n    )\n  )\n  .then(() =>\n    resolveAndRunAfterHooks.call(this, scenario.tags, state.feature.name)\n  )\n  .then(() => state.onFinishScenario(scenario));",
              "err": {},
              "uuid": "6514c4fe-52ce-4e2c-9b7e-27fe52dd2129",
              "parentUUID": "5e2aad1c-a2f1-491b-9856-aa9309c8155e",
              "isHook": false,
              "skipped": false
            }
          ],
          "suites": [],
          "passes": [
            "1563028d-66a4-418f-ac5c-f5a861346747",
            "6514c4fe-52ce-4e2c-9b7e-27fe52dd2129"
          ],
          "failures": [],
          "pending": [],
          "skipped": [],
          "duration": 1835,
          "root": false,
          "rootEmpty": false,
          "_timeout": 2000
        }
      ],
      "passes": [],
      "failures": [],
      "pending": [],
      "skipped": [],
      "duration": 0,
      "root": true,
      "rootEmpty": true,
      "_timeout": 2000
    }
  ],
  "meta": {
    "mocha": {
      "version": "7.0.1"
    },
    "mochawesome": {
      "options": {
        "quiet": false,
        "reportFilename": "mochawesome",
        "saveHtml": false,
        "saveJson": true,
        "consoleReporter": "spec",
        "useInlineDiffs": false,
        "code": true
      },
      "version": "6.2.1"
    },
    "marge": {
      "options": {
        "overwrite": false,
        "html": false,
        "json": true,
        "mochaFile": "test-results/test-output-[hash].xml",
        "reportDir": "cypress/report/mochawesome-report"
      },
      "version": "5.1.0"
    }
  }
}