{
  "stats": {
    "suites": 1,
    "tests": 4,
    "passes": 4,
    "pending": 0,
    "failures": 0,
    "start": "2020-11-08T09:38:04.880Z",
    "end": "2020-11-08T09:38:08.170Z",
    "duration": 3290,
    "testsRegistered": 4,
    "passPercent": 100,
    "pendingPercent": 0,
    "other": 0,
    "hasOther": false,
    "skipped": 0,
    "hasSkipped": false
  },
  "results": [
    {
      "uuid": "5a68f4fd-94c7-4363-bb7d-b5eb8e22bcfd",
      "title": "",
      "fullFile": "cypress/integration/registerstation.feature",
      "file": "cypress/integration/registerstation.feature",
      "beforeHooks": [],
      "afterHooks": [],
      "tests": [],
      "suites": [
        {
          "uuid": "76426eed-2093-45aa-83d0-8b49a36bc860",
          "title": "Register Station Positive",
          "fullFile": "",
          "file": "",
          "beforeHooks": [],
          "afterHooks": [],
          "tests": [
            {
              "title": "Validate an attempt to register a weather station with a correct API key (example #1)",
              "fullTitle": "Register Station Positive Validate an attempt to register a weather station with a correct API key (example #1)",
              "timedOut": null,
              "duration": 780,
              "state": "passed",
              "speed": "slow",
              "pass": true,
              "fail": false,
              "pending": false,
              "context": null,
              "code": "const state = window.testState;\nreturn cy\n  .then(() => state.onStartScenario(scenario, indexedSteps))\n  .then(() =>\n    resolveAndRunBeforeHooks.call(this, scenario.tags, state.feature.name)\n  )\n  .then(() =>\n    indexedSteps.forEach((step) =>\n      stepTest.call(this, state, step, rowData)\n    )\n  )\n  .then(() =>\n    resolveAndRunAfterHooks.call(this, scenario.tags, state.feature.name)\n  )\n  .then(() => state.onFinishScenario(scenario));",
              "err": {},
              "uuid": "4342a7b5-91fc-49ae-ba93-824ba3554005",
              "parentUUID": "76426eed-2093-45aa-83d0-8b49a36bc860",
              "isHook": false,
              "skipped": false
            },
            {
              "title": "Validate an attempt to register a weather station with a correct API key (example #2)",
              "fullTitle": "Register Station Positive Validate an attempt to register a weather station with a correct API key (example #2)",
              "timedOut": null,
              "duration": 499,
              "state": "passed",
              "speed": "slow",
              "pass": true,
              "fail": false,
              "pending": false,
              "context": null,
              "code": "const state = window.testState;\nreturn cy\n  .then(() => state.onStartScenario(scenario, indexedSteps))\n  .then(() =>\n    resolveAndRunBeforeHooks.call(this, scenario.tags, state.feature.name)\n  )\n  .then(() =>\n    indexedSteps.forEach((step) =>\n      stepTest.call(this, state, step, rowData)\n    )\n  )\n  .then(() =>\n    resolveAndRunAfterHooks.call(this, scenario.tags, state.feature.name)\n  )\n  .then(() => state.onFinishScenario(scenario));",
              "err": {},
              "uuid": "68c69a7c-7ce6-4604-b9cb-e5ff746633bc",
              "parentUUID": "76426eed-2093-45aa-83d0-8b49a36bc860",
              "isHook": false,
              "skipped": false
            },
            {
              "title": "Verify that the stations were successfully stored in the DB and values are the same as specified in the registration request. (example #1)",
              "fullTitle": "Register Station Positive Verify that the stations were successfully stored in the DB and values are the same as specified in the registration request. (example #1)",
              "timedOut": null,
              "duration": 974,
              "state": "passed",
              "speed": "slow",
              "pass": true,
              "fail": false,
              "pending": false,
              "context": null,
              "code": "const state = window.testState;\nreturn cy\n  .then(() => state.onStartScenario(scenario, indexedSteps))\n  .then(() =>\n    resolveAndRunBeforeHooks.call(this, scenario.tags, state.feature.name)\n  )\n  .then(() =>\n    indexedSteps.forEach((step) =>\n      stepTest.call(this, state, step, rowData)\n    )\n  )\n  .then(() =>\n    resolveAndRunAfterHooks.call(this, scenario.tags, state.feature.name)\n  )\n  .then(() => state.onFinishScenario(scenario));",
              "err": {},
              "uuid": "e7c8f108-719a-423e-91c2-c9875c697d8c",
              "parentUUID": "76426eed-2093-45aa-83d0-8b49a36bc860",
              "isHook": false,
              "skipped": false
            },
            {
              "title": "Verify that the stations were successfully stored in the DB and values are the same as specified in the registration request. (example #2)",
              "fullTitle": "Register Station Positive Verify that the stations were successfully stored in the DB and values are the same as specified in the registration request. (example #2)",
              "timedOut": null,
              "duration": 1010,
              "state": "passed",
              "speed": "slow",
              "pass": true,
              "fail": false,
              "pending": false,
              "context": null,
              "code": "const state = window.testState;\nreturn cy\n  .then(() => state.onStartScenario(scenario, indexedSteps))\n  .then(() =>\n    resolveAndRunBeforeHooks.call(this, scenario.tags, state.feature.name)\n  )\n  .then(() =>\n    indexedSteps.forEach((step) =>\n      stepTest.call(this, state, step, rowData)\n    )\n  )\n  .then(() =>\n    resolveAndRunAfterHooks.call(this, scenario.tags, state.feature.name)\n  )\n  .then(() => state.onFinishScenario(scenario));",
              "err": {},
              "uuid": "2ecea67f-bfc4-40bb-bb1e-320bd8a84094",
              "parentUUID": "76426eed-2093-45aa-83d0-8b49a36bc860",
              "isHook": false,
              "skipped": false
            }
          ],
          "suites": [],
          "passes": [
            "4342a7b5-91fc-49ae-ba93-824ba3554005",
            "68c69a7c-7ce6-4604-b9cb-e5ff746633bc",
            "e7c8f108-719a-423e-91c2-c9875c697d8c",
            "2ecea67f-bfc4-40bb-bb1e-320bd8a84094"
          ],
          "failures": [],
          "pending": [],
          "skipped": [],
          "duration": 3263,
          "root": false,
          "rootEmpty": false,
          "_timeout": 2000
        }
      ],
      "passes": [],
      "failures": [],
      "pending": [],
      "skipped": [],
      "duration": 0,
      "root": true,
      "rootEmpty": true,
      "_timeout": 2000
    }
  ],
  "meta": {
    "mocha": {
      "version": "7.0.1"
    },
    "mochawesome": {
      "options": {
        "quiet": false,
        "reportFilename": "mochawesome",
        "saveHtml": false,
        "saveJson": true,
        "consoleReporter": "spec",
        "useInlineDiffs": false,
        "code": true
      },
      "version": "6.2.1"
    },
    "marge": {
      "options": {
        "overwrite": false,
        "html": false,
        "json": true,
        "mochaFile": "test-results/test-output-[hash].xml",
        "reportDir": "cypress/report/mochawesome-report"
      },
      "version": "5.1.0"
    }
  }
}